<?xml version="1.0" encoding="UTF-8"?>
<!-- Generated by org.testng.reporters.JUnitXMLReporter -->
<testsuite hostname="Lenovo-PC" name="TestDebug" tests="7" failures="4" timestamp="2 Nov 2015 04:46:34 GMT" time="615.542" errors="0">
  <testcase name="firstPageLoad" time="8.865" classname="com.merry.android.blemall.FirstPageLoad_01"/>
  <testcase name="loginBaiLian" time="31.732" classname="com.merry.android.blemall.LoginBaiLian_02"/>
  <testcase name="searchGoods" time="22.336" classname="com.merry.android.blemall.SearchGoods_05"/>
  <testcase name="singleGoodsPage" time="0.015" classname="com.merry.android.blemall.SingleGoodsPage_03">
    <failure type="java.lang.NullPointerException">
      <![CDATA[java.lang.NullPointerException
	at com.merry.android.blemall.SearchGoods_05.searchGoods(SearchGoods_05.java:17)
	at com.merry.android.blemall.SingleGoodsPage_03.singleGoodsPage(SingleGoodsPage_03.java:18)
... Removed 24 stack frames]]>
    </failure>
  </testcase> <!-- singleGoodsPage -->
  <testcase name="addGoodsToShoppingCart" time="3.513" classname="com.merry.android.blemall.AddGoodsToShoppingCart_04">
    <failure type="org.openqa.selenium.NoSuchElementException" message="An element could not be located on the page using the given search parameters. (WARNING: The server did not provide any stacktrace information)
Command duration or timeout: 1.97 seconds
For documentation on this error, please visit: http://seleniumhq.org/exceptions/no_such_element.html
Build info: version: &amp;apos;2.44.0&amp;apos;, revision: &amp;apos;76d78cf&amp;apos;, time: &amp;apos;2014-10-23 20:02:37&amp;apos;
System info: host: &amp;apos;Lenovo-PC&amp;apos;, ip: &amp;apos;192.168.30.36&amp;apos;, os.name: &amp;apos;Windows 8.1&amp;apos;, os.arch: &amp;apos;amd64&amp;apos;, os.version: &amp;apos;6.3&amp;apos;, java.version: &amp;apos;1.7.0_71&amp;apos;
Session ID: e84cd3a7-babf-4b7f-a75a-a13374b27367
Driver info: io.appium.java_client.android.AndroidDriver
Capabilities [{platform=WINDOWS, javascriptEnabled=true, appActivity=.BaiLianMobileApp, browserName=, networkConnectionEnabled=true, desired={platform=WINDOWS, deviceName=4f7bb04c, platformName=Android, appActivity=.BaiLianMobileApp, browserName=, device=Android, unicodeKeyboard=true, resetKeyboard=true, appPackage=cn.com.bailian.bailianmobile, version=4.4}, locationContextEnabled=false, appPackage=cn.com.bailian.bailianmobile, version=4.4, platformVersion=4.1, databaseEnabled=false, platformName=Android, deviceName=4f7bb04c, webStorageEnabled=false, device=Android, unicodeKeyboard=true, resetKeyboard=true, warnings={}, takesScreenshot=true}]">
      <![CDATA[org.openqa.selenium.NoSuchElementException: An element could not be located on the page using the given search parameters. (WARNING: The server did not provide any stacktrace information)
Command duration or timeout: 1.97 seconds
For documentation on this error, please visit: http://seleniumhq.org/exceptions/no_such_element.html
Build info: version: '2.44.0', revision: '76d78cf', time: '2014-10-23 20:02:37'
System info: host: 'Lenovo-PC', ip: '192.168.30.36', os.name: 'Windows 8.1', os.arch: 'amd64', os.version: '6.3', java.version: '1.7.0_71'
Session ID: e84cd3a7-babf-4b7f-a75a-a13374b27367
Driver info: io.appium.java_client.android.AndroidDriver
Capabilities [{platform=WINDOWS, javascriptEnabled=true, appActivity=.BaiLianMobileApp, browserName=, networkConnectionEnabled=true, desired={platform=WINDOWS, deviceName=4f7bb04c, platformName=Android, appActivity=.BaiLianMobileApp, browserName=, device=Android, unicodeKeyboard=true, resetKeyboard=true, appPackage=cn.com.bailian.bailianmobile, version=4.4}, locationContextEnabled=false, appPackage=cn.com.bailian.bailianmobile, version=4.4, platformVersion=4.1, databaseEnabled=false, platformName=Android, deviceName=4f7bb04c, webStorageEnabled=false, device=Android, unicodeKeyboard=true, resetKeyboard=true, warnings={}, takesScreenshot=true}]
	at org.openqa.selenium.remote.ErrorHandler.createThrowable(ErrorHandler.java:204)
	at org.openqa.selenium.remote.ErrorHandler.throwIfResponseFailed(ErrorHandler.java:156)
	at org.openqa.selenium.remote.RemoteWebDriver.execute(RemoteWebDriver.java:599)
	at io.appium.java_client.DefaultGenericMobileDriver.execute(DefaultGenericMobileDriver.java:42)
	at io.appium.java_client.AppiumDriver.execute(AppiumDriver.java:1)
	at io.appium.java_client.android.AndroidDriver.execute(AndroidDriver.java:1)
	at org.openqa.selenium.remote.RemoteWebDriver.findElement(RemoteWebDriver.java:352)
	at org.openqa.selenium.remote.RemoteWebDriver.findElementByXPath(RemoteWebDriver.java:449)
	at io.appium.java_client.DefaultGenericMobileDriver.findElementByXPath(DefaultGenericMobileDriver.java:132)
	at io.appium.java_client.AppiumDriver.findElementByXPath(AppiumDriver.java:1)
	at io.appium.java_client.android.AndroidDriver.findElementByXPath(AndroidDriver.java:1)
	at org.openqa.selenium.By$ByXPath.findElement(By.java:357)
	at org.openqa.selenium.remote.RemoteWebDriver.findElement(RemoteWebDriver.java:344)
	at io.appium.java_client.DefaultGenericMobileDriver.findElement(DefaultGenericMobileDriver.java:52)
	at io.appium.java_client.AppiumDriver.findElement(AppiumDriver.java:1)
	at io.appium.java_client.android.AndroidDriver.findElement(AndroidDriver.java:1)
	at com.merry.android.blemall.AddGoodsToShoppingCart_04.addGoodsToShoppingCart(AddGoodsToShoppingCart_04.java:16)
... Removed 28 stack frames]]>
    </failure>
  </testcase> <!-- addGoodsToShoppingCart -->
  <testcase name="queryShoppingcart" time="13.068" classname="com.merry.android.blemall.QueryShoppingcart">
    <failure type="java.lang.NumberFormatException" message="For input string: &amp;quot;&amp;quot;">
      <![CDATA[java.lang.NumberFormatException: For input string: ""
	at java.lang.NumberFormatException.forInputString(NumberFormatException.java:65)
	at java.lang.Integer.parseInt(Integer.java:504)
	at java.lang.Integer.parseInt(Integer.java:527)
	at com.merry.android.blemall.QueryShoppingcart.getNumber(QueryShoppingcart.java:57)
	at com.merry.android.blemall.QueryShoppingcart.queryShoppingcart(QueryShoppingcart.java:44)
... Removed 24 stack frames]]>
    </failure>
  </testcase> <!-- queryShoppingcart -->
  <testcase name="createOrder" time="1.456" classname="com.merry.android.blemall.CreateOrder">
    <failure type="java.lang.NullPointerException">
      <![CDATA[java.lang.NullPointerException
	at com.merry.android.blemall.QueryShoppingcart.queryShoppingcart(QueryShoppingcart.java:19)
	at com.merry.android.blemall.CreateOrder.createOrder(CreateOrder.java:18)
... Removed 24 stack frames]]>
    </failure>
  </testcase> <!-- createOrder -->
</testsuite> <!-- TestDebug -->
