<html>
<head>
<title>TestNG:  TestDebug</title>
<link href="../testng.css" rel="stylesheet" type="text/css" />
<link href="../my-testng.css" rel="stylesheet" type="text/css" />

<style type="text/css">
.log { display: none;} 
.stack-trace { display: none;} 
</style>
<script type="text/javascript">
<!--
function flip(e) {
  current = e.style.display;
  if (current == 'block') {
    e.style.display = 'none';
    return 0;
  }
  else {
    e.style.display = 'block';
    return 1;
  }
}

function toggleBox(szDivId, elem, msg1, msg2)
{
  var res = -1;  if (document.getElementById) {
    res = flip(document.getElementById(szDivId));
  }
  else if (document.all) {
    // this is the way old msie versions work
    res = flip(document.all[szDivId]);
  }
  if(elem) {
    if(res == 0) elem.innerHTML = msg1; else elem.innerHTML = msg2;
  }

}

function toggleAllBoxes() {
  if (document.getElementsByTagName) {
    d = document.getElementsByTagName('div');
    for (i = 0; i < d.length; i++) {
      if (d[i].className == 'log') {
        flip(d[i]);
      }
    }
  }
}

// -->
</script>

</head>
<body>
<h2 align='center'>TestDebug</h2><table border='1' align="center">
<tr>
<td>Tests passed/Failed/Skipped:</td><td>3/4/0</td>
</tr><tr>
<td>Started on:</td><td>Mon Nov 02 12:36:18 CST 2015</td>
</tr>
<tr><td>Total time:</td><td>615 seconds (615542 ms)</td>
</tr><tr>
<td>Included groups:</td><td></td>
</tr><tr>
<td>Excluded groups:</td><td></td>
</tr>
</table><p/>
<small><i>(Hover the method name to see the test class name)</i></small><p/>
<table width='100%' border='1' class='invocation-failed'>
<tr><td colspan='4' align='center'><b>FAILED TESTS</b></td></tr>
<tr><td><b>Test method</b></td>
<td width="30%"><b>Exception</b></td>
<td width="10%"><b>Time (seconds)</b></td>
<td><b>Instance</b></td>
</tr>
<tr>
<td title='com.merry.android.blemall.AddGoodsToShoppingCart_04.addGoodsToShoppingCart()'><b>addGoodsToShoppingCart</b><br>Test class: com.merry.android.blemall.AddGoodsToShoppingCart_04<br/>
<a href="#Output-633464666" onClick='toggleBox("Output-633464666", this, "Show output", "Hide output");'>Show output</a>

<a href="#Output-633464666" onClick="toggleAllBoxes();">Show all outputs</a>
<div class='log' id="Output-633464666">
2015-11-02 12:43:17 : 当前模式=NATIVE_APP<br/>
2015-11-02 12:43:19 : 切换webview= WEBVIEW_cn.com.bailian.bailianmobile<br/>
</div>
</td>
<td><div><pre>org.openqa.selenium.NoSuchElementException: An element could not be located on the page using the given search parameters. (WARNING: The server did not provide any stacktrace information)
Command duration or timeout: 1.97 seconds
For documentation on this error, please visit: http://seleniumhq.org/exceptions/no_such_element.html
Build info: version: &apos;2.44.0&apos;, revision: &apos;76d78cf&apos;, time: &apos;2014-10-23 20:02:37&apos;
System info: host: &apos;Lenovo-PC&apos;, ip: &apos;192.168.30.36&apos;, os.name: &apos;Windows 8.1&apos;, os.arch: &apos;amd64&apos;, os.version: &apos;6.3&apos;, java.version: &apos;1.7.0_71&apos;
Session ID: e84cd3a7-babf-4b7f-a75a-a13374b27367
Driver info: io.appium.java_client.android.AndroidDriver
Capabilities [{platform=WINDOWS, javascriptEnabled=true, appActivity=.BaiLianMobileApp, browserName=, networkConnectionEnabled=true, desired={platform=WINDOWS, deviceName=4f7bb04c, platformName=Android, appActivity=.BaiLianMobileApp, browserName=, device=Android, unicodeKeyboard=true, resetKeyboard=true, appPackage=cn.com.bailian.bailianmobile, version=4.4}, locationContextEnabled=false, appPackage=cn.com.bailian.bailianmobile, version=4.4, platformVersion=4.1, databaseEnabled=false, platformName=Android, deviceName=4f7bb04c, webStorageEnabled=false, device=Android, unicodeKeyboard=true, resetKeyboard=true, warnings={}, takesScreenshot=true}]
	at org.openqa.selenium.remote.ErrorHandler.createThrowable(ErrorHandler.java:204)
	at org.openqa.selenium.remote.ErrorHandler.throwIfResponseFailed(ErrorHandler.java:156)
	at org.openqa.selenium.remote.RemoteWebDriver.execute(RemoteWebDriver.java:599)
	at io.appium.java_client.DefaultGenericMobileDriver.execute(DefaultGenericMobileDriver.java:42)
	at io.appium.java_client.AppiumDriver.execute(AppiumDriver.java:1)
	at io.appium.java_client.android.AndroidDriver.execute(AndroidDriver.java:1)
	at org.openqa.selenium.remote.RemoteWebDriver.findElement(RemoteWebDriver.java:352)
	at org.openqa.selenium.remote.RemoteWebDriver.findElementByXPath(RemoteWebDriver.java:449)
	at io.appium.java_client.DefaultGenericMobileDriver.findElementByXPath(DefaultGenericMobileDriver.java:132)
	at io.appium.java_client.AppiumDriver.findElementByXPath(AppiumDriver.java:1)
	at io.appium.java_client.android.AndroidDriver.findElementByXPath(AndroidDriver.java:1)
	at org.openqa.selenium.By$ByXPath.findElement(By.java:357)
	at org.openqa.selenium.remote.RemoteWebDriver.findElement(RemoteWebDriver.java:344)
	at io.appium.java_client.DefaultGenericMobileDriver.findElement(DefaultGenericMobileDriver.java:52)
	at io.appium.java_client.AppiumDriver.findElement(AppiumDriver.java:1)
	at io.appium.java_client.android.AndroidDriver.findElement(AndroidDriver.java:1)
	at com.merry.android.blemall.AddGoodsToShoppingCart_04.addGoodsToShoppingCart(AddGoodsToShoppingCart_04.java:16)
... Removed 28 stack frames</pre></div><a href='#' onClick='toggleBox("stack-trace633464666", this, "Click to show all stack frames", "Click to hide stack frames")'>Click to show all stack frames</a>
<div class='stack-trace' id='stack-trace633464666'><pre>org.openqa.selenium.NoSuchElementException: An element could not be located on the page using the given search parameters. (WARNING: The server did not provide any stacktrace information)
Command duration or timeout: 1.97 seconds
For documentation on this error, please visit: http://seleniumhq.org/exceptions/no_such_element.html
Build info: version: &apos;2.44.0&apos;, revision: &apos;76d78cf&apos;, time: &apos;2014-10-23 20:02:37&apos;
System info: host: &apos;Lenovo-PC&apos;, ip: &apos;192.168.30.36&apos;, os.name: &apos;Windows 8.1&apos;, os.arch: &apos;amd64&apos;, os.version: &apos;6.3&apos;, java.version: &apos;1.7.0_71&apos;
Session ID: e84cd3a7-babf-4b7f-a75a-a13374b27367
Driver info: io.appium.java_client.android.AndroidDriver
Capabilities [{platform=WINDOWS, javascriptEnabled=true, appActivity=.BaiLianMobileApp, browserName=, networkConnectionEnabled=true, desired={platform=WINDOWS, deviceName=4f7bb04c, platformName=Android, appActivity=.BaiLianMobileApp, browserName=, device=Android, unicodeKeyboard=true, resetKeyboard=true, appPackage=cn.com.bailian.bailianmobile, version=4.4}, locationContextEnabled=false, appPackage=cn.com.bailian.bailianmobile, version=4.4, platformVersion=4.1, databaseEnabled=false, platformName=Android, deviceName=4f7bb04c, webStorageEnabled=false, device=Android, unicodeKeyboard=true, resetKeyboard=true, warnings={}, takesScreenshot=true}]
	at sun.reflect.NativeConstructorAccessorImpl.newInstance0(Native Method)
	at sun.reflect.NativeConstructorAccessorImpl.newInstance(NativeConstructorAccessorImpl.java:57)
	at sun.reflect.DelegatingConstructorAccessorImpl.newInstance(DelegatingConstructorAccessorImpl.java:45)
	at java.lang.reflect.Constructor.newInstance(Constructor.java:526)
	at org.openqa.selenium.remote.ErrorHandler.createThrowable(ErrorHandler.java:204)
	at org.openqa.selenium.remote.ErrorHandler.throwIfResponseFailed(ErrorHandler.java:156)
	at org.openqa.selenium.remote.RemoteWebDriver.execute(RemoteWebDriver.java:599)
	at io.appium.java_client.DefaultGenericMobileDriver.execute(DefaultGenericMobileDriver.java:42)
	at io.appium.java_client.AppiumDriver.execute(AppiumDriver.java:1)
	at io.appium.java_client.android.AndroidDriver.execute(AndroidDriver.java:1)
	at org.openqa.selenium.remote.RemoteWebDriver.findElement(RemoteWebDriver.java:352)
	at org.openqa.selenium.remote.RemoteWebDriver.findElementByXPath(RemoteWebDriver.java:449)
	at io.appium.java_client.DefaultGenericMobileDriver.findElementByXPath(DefaultGenericMobileDriver.java:132)
	at io.appium.java_client.AppiumDriver.findElementByXPath(AppiumDriver.java:1)
	at io.appium.java_client.android.AndroidDriver.findElementByXPath(AndroidDriver.java:1)
	at org.openqa.selenium.By$ByXPath.findElement(By.java:357)
	at org.openqa.selenium.remote.RemoteWebDriver.findElement(RemoteWebDriver.java:344)
	at io.appium.java_client.DefaultGenericMobileDriver.findElement(DefaultGenericMobileDriver.java:52)
	at io.appium.java_client.AppiumDriver.findElement(AppiumDriver.java:1)
	at io.appium.java_client.android.AndroidDriver.findElement(AndroidDriver.java:1)
	at com.merry.android.blemall.AddGoodsToShoppingCart_04.addGoodsToShoppingCart(AddGoodsToShoppingCart_04.java:16)
	at sun.reflect.NativeMethodAccessorImpl.invoke0(Native Method)
	at sun.reflect.NativeMethodAccessorImpl.invoke(NativeMethodAccessorImpl.java:57)
	at sun.reflect.DelegatingMethodAccessorImpl.invoke(DelegatingMethodAccessorImpl.java:43)
	at java.lang.reflect.Method.invoke(Method.java:606)
	at org.testng.internal.MethodInvocationHelper.invokeMethod(MethodInvocationHelper.java:84)
	at org.testng.internal.Invoker.invokeMethod(Invoker.java:714)
	at org.testng.internal.Invoker.invokeTestMethod(Invoker.java:901)
	at org.testng.internal.Invoker.invokeTestMethods(Invoker.java:1231)
	at org.testng.internal.TestMethodWorker.invokeTestMethods(TestMethodWorker.java:127)
	at org.testng.internal.TestMethodWorker.run(TestMethodWorker.java:111)
	at org.testng.TestRunner.privateRun(TestRunner.java:767)
	at org.testng.TestRunner.run(TestRunner.java:617)
	at org.testng.SuiteRunner.runTest(SuiteRunner.java:334)
	at org.testng.SuiteRunner.runSequentially(SuiteRunner.java:329)
	at org.testng.SuiteRunner.privateRun(SuiteRunner.java:291)
	at org.testng.SuiteRunner.run(SuiteRunner.java:240)
	at org.testng.SuiteRunnerWorker.runSuite(SuiteRunnerWorker.java:52)
	at org.testng.SuiteRunnerWorker.run(SuiteRunnerWorker.java:86)
	at org.testng.TestNG.runSuitesSequentially(TestNG.java:1224)
	at org.testng.TestNG.runSuitesLocally(TestNG.java:1149)
	at org.testng.TestNG.run(TestNG.java:1057)
	at org.testng.remote.RemoteTestNG.run(RemoteTestNG.java:115)
	at org.testng.remote.RemoteTestNG.initAndRun(RemoteTestNG.java:207)
	at org.testng.remote.RemoteTestNG.main(RemoteTestNG.java:178)
</pre></div></td>
<td>3</td>
<td>com.merry.android.blemall.AddGoodsToShoppingCart_04@7f571924</td></tr>
<tr>
<td title='com.merry.android.blemall.CreateOrder.createOrder()'><b>createOrder</b><br>Test class: com.merry.android.blemall.CreateOrder<br/>
<a href="#Output-2034922900" onClick='toggleBox("Output-2034922900", this, "Show output", "Hide output");'>Show output</a>

<a href="#Output-2034922900" onClick="toggleAllBoxes();">Show all outputs</a>
<div class='log' id="Output-2034922900">
2015-11-02 12:46:32 : 切换webview= WEBVIEW_cn.com.bailian.bailianmobile<br/>
</div>
</td>
<td><div><pre>java.lang.NullPointerException
	at com.merry.android.blemall.QueryShoppingcart.queryShoppingcart(QueryShoppingcart.java:19)
	at com.merry.android.blemall.CreateOrder.createOrder(CreateOrder.java:18)
... Removed 24 stack frames</pre></div><a href='#' onClick='toggleBox("stack-trace2034922900", this, "Click to show all stack frames", "Click to hide stack frames")'>Click to show all stack frames</a>
<div class='stack-trace' id='stack-trace2034922900'><pre>java.lang.NullPointerException
	at com.merry.android.blemall.QueryShoppingcart.queryShoppingcart(QueryShoppingcart.java:19)
	at com.merry.android.blemall.CreateOrder.createOrder(CreateOrder.java:18)
	at sun.reflect.NativeMethodAccessorImpl.invoke0(Native Method)
	at sun.reflect.NativeMethodAccessorImpl.invoke(NativeMethodAccessorImpl.java:57)
	at sun.reflect.DelegatingMethodAccessorImpl.invoke(DelegatingMethodAccessorImpl.java:43)
	at java.lang.reflect.Method.invoke(Method.java:606)
	at org.testng.internal.MethodInvocationHelper.invokeMethod(MethodInvocationHelper.java:84)
	at org.testng.internal.Invoker.invokeMethod(Invoker.java:714)
	at org.testng.internal.Invoker.invokeTestMethod(Invoker.java:901)
	at org.testng.internal.Invoker.invokeTestMethods(Invoker.java:1231)
	at org.testng.internal.TestMethodWorker.invokeTestMethods(TestMethodWorker.java:127)
	at org.testng.internal.TestMethodWorker.run(TestMethodWorker.java:111)
	at org.testng.TestRunner.privateRun(TestRunner.java:767)
	at org.testng.TestRunner.run(TestRunner.java:617)
	at org.testng.SuiteRunner.runTest(SuiteRunner.java:334)
	at org.testng.SuiteRunner.runSequentially(SuiteRunner.java:329)
	at org.testng.SuiteRunner.privateRun(SuiteRunner.java:291)
	at org.testng.SuiteRunner.run(SuiteRunner.java:240)
	at org.testng.SuiteRunnerWorker.runSuite(SuiteRunnerWorker.java:52)
	at org.testng.SuiteRunnerWorker.run(SuiteRunnerWorker.java:86)
	at org.testng.TestNG.runSuitesSequentially(TestNG.java:1224)
	at org.testng.TestNG.runSuitesLocally(TestNG.java:1149)
	at org.testng.TestNG.run(TestNG.java:1057)
	at org.testng.remote.RemoteTestNG.run(RemoteTestNG.java:115)
	at org.testng.remote.RemoteTestNG.initAndRun(RemoteTestNG.java:207)
	at org.testng.remote.RemoteTestNG.main(RemoteTestNG.java:178)
</pre></div></td>
<td>1</td>
<td>com.merry.android.blemall.CreateOrder@22536490</td></tr>
<tr>
<td title='com.merry.android.blemall.QueryShoppingcart.queryShoppingcart()'><b>queryShoppingcart</b><br>Test class: com.merry.android.blemall.QueryShoppingcart<br/>
<a href="#Output-159291000" onClick='toggleBox("Output-159291000", this, "Show output", "Hide output");'>Show output</a>

<a href="#Output-159291000" onClick="toggleAllBoxes();">Show all outputs</a>
<div class='log' id="Output-159291000">
2015-11-02 12:44:38 : 当前webview=NATIVE_APP<br/>
2015-11-02 12:44:40 : 切换webview= WEBVIEW_cn.com.bailian.bailianmobile<br/>
2015-11-02 12:44:46 : 点击首页的"购物车"<br/>
2015-11-02 12:44:51 : <br/>
</div>
</td>
<td><div><pre>java.lang.NumberFormatException: For input string: &quot;&quot;
	at java.lang.NumberFormatException.forInputString(NumberFormatException.java:65)
	at java.lang.Integer.parseInt(Integer.java:504)
	at java.lang.Integer.parseInt(Integer.java:527)
	at com.merry.android.blemall.QueryShoppingcart.getNumber(QueryShoppingcart.java:57)
	at com.merry.android.blemall.QueryShoppingcart.queryShoppingcart(QueryShoppingcart.java:44)
... Removed 24 stack frames</pre></div><a href='#' onClick='toggleBox("stack-trace159291000", this, "Click to show all stack frames", "Click to hide stack frames")'>Click to show all stack frames</a>
<div class='stack-trace' id='stack-trace159291000'><pre>java.lang.NumberFormatException: For input string: &quot;&quot;
	at java.lang.NumberFormatException.forInputString(NumberFormatException.java:65)
	at java.lang.Integer.parseInt(Integer.java:504)
	at java.lang.Integer.parseInt(Integer.java:527)
	at com.merry.android.blemall.QueryShoppingcart.getNumber(QueryShoppingcart.java:57)
	at com.merry.android.blemall.QueryShoppingcart.queryShoppingcart(QueryShoppingcart.java:44)
	at sun.reflect.NativeMethodAccessorImpl.invoke0(Native Method)
	at sun.reflect.NativeMethodAccessorImpl.invoke(NativeMethodAccessorImpl.java:57)
	at sun.reflect.DelegatingMethodAccessorImpl.invoke(DelegatingMethodAccessorImpl.java:43)
	at java.lang.reflect.Method.invoke(Method.java:606)
	at org.testng.internal.MethodInvocationHelper.invokeMethod(MethodInvocationHelper.java:84)
	at org.testng.internal.Invoker.invokeMethod(Invoker.java:714)
	at org.testng.internal.Invoker.invokeTestMethod(Invoker.java:901)
	at org.testng.internal.Invoker.invokeTestMethods(Invoker.java:1231)
	at org.testng.internal.TestMethodWorker.invokeTestMethods(TestMethodWorker.java:127)
	at org.testng.internal.TestMethodWorker.run(TestMethodWorker.java:111)
	at org.testng.TestRunner.privateRun(TestRunner.java:767)
	at org.testng.TestRunner.run(TestRunner.java:617)
	at org.testng.SuiteRunner.runTest(SuiteRunner.java:334)
	at org.testng.SuiteRunner.runSequentially(SuiteRunner.java:329)
	at org.testng.SuiteRunner.privateRun(SuiteRunner.java:291)
	at org.testng.SuiteRunner.run(SuiteRunner.java:240)
	at org.testng.SuiteRunnerWorker.runSuite(SuiteRunnerWorker.java:52)
	at org.testng.SuiteRunnerWorker.run(SuiteRunnerWorker.java:86)
	at org.testng.TestNG.runSuitesSequentially(TestNG.java:1224)
	at org.testng.TestNG.runSuitesLocally(TestNG.java:1149)
	at org.testng.TestNG.run(TestNG.java:1057)
	at org.testng.remote.RemoteTestNG.run(RemoteTestNG.java:115)
	at org.testng.remote.RemoteTestNG.initAndRun(RemoteTestNG.java:207)
	at org.testng.remote.RemoteTestNG.main(RemoteTestNG.java:178)
</pre></div></td>
<td>13</td>
<td>com.merry.android.blemall.QueryShoppingcart@10ef3b8b</td></tr>
<tr>
<td title='com.merry.android.blemall.SingleGoodsPage_03.singleGoodsPage()'><b>singleGoodsPage</b><br>Test class: com.merry.android.blemall.SingleGoodsPage_03</td>
<td><div><pre>java.lang.NullPointerException
	at com.merry.android.blemall.SearchGoods_05.searchGoods(SearchGoods_05.java:17)
	at com.merry.android.blemall.SingleGoodsPage_03.singleGoodsPage(SingleGoodsPage_03.java:18)
... Removed 24 stack frames</pre></div><a href='#' onClick='toggleBox("stack-trace54356939", this, "Click to show all stack frames", "Click to hide stack frames")'>Click to show all stack frames</a>
<div class='stack-trace' id='stack-trace54356939'><pre>java.lang.NullPointerException
	at com.merry.android.blemall.SearchGoods_05.searchGoods(SearchGoods_05.java:17)
	at com.merry.android.blemall.SingleGoodsPage_03.singleGoodsPage(SingleGoodsPage_03.java:18)
	at sun.reflect.NativeMethodAccessorImpl.invoke0(Native Method)
	at sun.reflect.NativeMethodAccessorImpl.invoke(NativeMethodAccessorImpl.java:57)
	at sun.reflect.DelegatingMethodAccessorImpl.invoke(DelegatingMethodAccessorImpl.java:43)
	at java.lang.reflect.Method.invoke(Method.java:606)
	at org.testng.internal.MethodInvocationHelper.invokeMethod(MethodInvocationHelper.java:84)
	at org.testng.internal.Invoker.invokeMethod(Invoker.java:714)
	at org.testng.internal.Invoker.invokeTestMethod(Invoker.java:901)
	at org.testng.internal.Invoker.invokeTestMethods(Invoker.java:1231)
	at org.testng.internal.TestMethodWorker.invokeTestMethods(TestMethodWorker.java:127)
	at org.testng.internal.TestMethodWorker.run(TestMethodWorker.java:111)
	at org.testng.TestRunner.privateRun(TestRunner.java:767)
	at org.testng.TestRunner.run(TestRunner.java:617)
	at org.testng.SuiteRunner.runTest(SuiteRunner.java:334)
	at org.testng.SuiteRunner.runSequentially(SuiteRunner.java:329)
	at org.testng.SuiteRunner.privateRun(SuiteRunner.java:291)
	at org.testng.SuiteRunner.run(SuiteRunner.java:240)
	at org.testng.SuiteRunnerWorker.runSuite(SuiteRunnerWorker.java:52)
	at org.testng.SuiteRunnerWorker.run(SuiteRunnerWorker.java:86)
	at org.testng.TestNG.runSuitesSequentially(TestNG.java:1224)
	at org.testng.TestNG.runSuitesLocally(TestNG.java:1149)
	at org.testng.TestNG.run(TestNG.java:1057)
	at org.testng.remote.RemoteTestNG.run(RemoteTestNG.java:115)
	at org.testng.remote.RemoteTestNG.initAndRun(RemoteTestNG.java:207)
	at org.testng.remote.RemoteTestNG.main(RemoteTestNG.java:178)
</pre></div></td>
<td>0</td>
<td>com.merry.android.blemall.SingleGoodsPage_03@48a5d54e</td></tr>
</table><p>
<table width='100%' border='1' class='invocation-passed'>
<tr><td colspan='4' align='center'><b>PASSED TESTS</b></td></tr>
<tr><td><b>Test method</b></td>
<td width="30%"><b>Exception</b></td>
<td width="10%"><b>Time (seconds)</b></td>
<td><b>Instance</b></td>
</tr>
<tr>
<td title='com.merry.android.blemall.FirstPageLoad_01.firstPageLoad()'><b>firstPageLoad</b><br>Test class: com.merry.android.blemall.FirstPageLoad_01<br/>
<a href="#Output-1115970526" onClick='toggleBox("Output-1115970526", this, "Show output", "Hide output");'>Show output</a>

<a href="#Output-1115970526" onClick="toggleAllBoxes();">Show all outputs</a>
<div class='log' id="Output-1115970526">
2015-11-02 12:37:03 : 等待30秒<br/>
2015-11-02 12:37:10 : 首页加载成功<br/>
</div>
</td>
<td></td>
<td>8</td>
<td>com.merry.android.blemall.FirstPageLoad_01@741810a1</td></tr>
<tr>
<td title='com.merry.android.blemall.LoginBaiLian_02.loginBaiLian()'><b>loginBaiLian</b><br>Test class: com.merry.android.blemall.LoginBaiLian_02<br/>
<a href="#Output-1946115452" onClick='toggleBox("Output-1946115452", this, "Show output", "Hide output");'>Show output</a>

<a href="#Output-1946115452" onClick="toggleAllBoxes();">Show all outputs</a>
<div class='log' id="Output-1946115452">
2015-11-02 12:38:51 : 等待30秒<br/>
2015-11-02 12:38:51 : 当前webview=NATIVE_APP<br/>
2015-11-02 12:38:52 : 切换后的webview WEBVIEW_cn.com.bailian.bailianmobile<br/>
2015-11-02 12:38:52 : 等待5秒<br/>
2015-11-02 12:39:00 : 点击"我"<br/>
2015-11-02 12:39:02 : 点击"登录"<br/>
2015-11-02 12:39:06 : 清空用户名字段<br/>
2015-11-02 12:39:09 : 输入的用户名： = 18516042869<br/>
2015-11-02 12:39:13 : 输入的密码= donkey1987<br/>
2015-11-02 12:39:15 : 点击"登录"按钮<br/>
2015-11-02 12:39:21 : 登录成功= 18516042869<br/>
</div>
</td>
<td></td>
<td>31</td>
<td>com.merry.android.blemall.LoginBaiLian_02@4eac8cda</td></tr>
<tr>
<td title='com.merry.android.blemall.SearchGoods_05.searchGoods()'><b>searchGoods</b><br>Test class: com.merry.android.blemall.SearchGoods_05<br/>
<a href="#Output-18546089" onClick='toggleBox("Output-18546089", this, "Show output", "Hide output");'>Show output</a>

<a href="#Output-18546089" onClick="toggleAllBoxes();">Show all outputs</a>
<div class='log' id="Output-18546089">
2015-11-02 12:41:02 : 获取当前webview=NATIVE_APP<br/>
2015-11-02 12:41:04 : 切换webview= WEBVIEW_cn.com.bailian.bailianmobile<br/>
2015-11-02 12:41:11 : 点击首页的搜索框<br/>
2015-11-02 12:41:11 : 切换webview= WEBVIEW_cn.com.bailian.bailianmobile<br/>
2015-11-02 12:41:18 : 点击"搜索"<br/>
</div>
</td>
<td></td>
<td>22</td>
<td>com.merry.android.blemall.SearchGoods_05@3aa19e64</td></tr>
</table><p>
</body>
</html>